<?xml version="1.0" encoding="UTF-8"?>
<testsuite xmlns:xsi="http://www.w3.org/2001/XMLSchema-instance" xsi:noNamespaceSchemaLocation="https://maven.apache.org/surefire/maven-surefire-plugin/xsd/surefire-test-report-3.0.xsd" version="3.0" name="com.resposta.resposta.RespostaApplicationTests" time="3.948" tests="1" errors="0" skipped="0" failures="0">
  <properties>
[...]
</properties>
  <testcase name="contextLoads" classname="com.resposta.resposta.RespostaApplicationTests" time="0.98">
    <system-out><![CDATA[09:52:59.852 [main] INFO org.springframework.test.context.support.AnnotationConfigContextLoaderUtils -- Could not detect default configuration classes for test class [com.resposta.resposta.RespostaApplicationTests]: RespostaApplicationTests does not declare any static, non-private, non-final, nested classes annotated with @Configuration.
09:52:59.962 [main] INFO org.springframework.boot.test.context.SpringBootTestContextBootstrapper -- Found @SpringBootConfiguration com.resposta.resposta.RespostaApplication for test class com.resposta.resposta.RespostaApplicationTests
09:53:00.115 [main] INFO org.springframework.boot.devtools.restart.RestartApplicationListener -- Restart disabled due to context in which it is running

  .   ____          _            __ _ _
 /\\ / ___'_ __ _ _(_)_ __  __ _ \ \ \ \
( ( )\___ | '_ | '_| | '_ \/ _` | \ \ \ \
 \\/  ___)| |_)| | | | | || (_| |  ) ) ) )
  '  |____| .__|_| |_|_| |_\__, | / / / /
 =========|_|==============|___/=/_/_/_/

 :: Spring Boot ::                (v3.3.4)

2024-11-19T09:53:00.450-03:00  WARN 21419 --- [resposta] [           main] ory$DuplicateJsonObjectContextCustomizer : 

Found multiple occurrences of org.json.JSONObject on the class path:

	jar:file:/home/ivam/.m2/repository/org/json/json/20210307/json-20210307.jar!/org/json/JSONObject.class
	jar:file:/home/ivam/.m2/repository/com/vaadin/external/google/android-json/0.0.20131108.vaadin1/android-json-0.0.20131108.vaadin1.jar!/org/json/JSONObject.class

You may wish to exclude one of them to ensure predictable runtime behavior

2024-11-19T09:53:00.474-03:00  INFO 21419 --- [resposta] [           main] c.r.resposta.RespostaApplicationTests    : Starting RespostaApplicationTests using Java 21.0.5 with PID 21419 (started by ivam in /home/ivam/Downloads/resposta)
2024-11-19T09:53:00.475-03:00  INFO 21419 --- [resposta] [           main] c.r.resposta.RespostaApplicationTests    : No active profile set, falling back to 1 default profile: "default"
2024-11-19T09:53:02.612-03:00  INFO 21419 --- [resposta] [           main] c.r.resposta.RespostaApplicationTests    : Started RespostaApplicationTests in 2.509 seconds (process running for 3.469)
]]></system-out>
    <system-err><![CDATA[WARNING: A Java agent has been loaded dynamically (/home/ivam/.m2/repository/net/bytebuddy/byte-buddy-agent/1.14.19/byte-buddy-agent-1.14.19.jar)
WARNING: If a serviceability tool is in use, please run with -XX:+EnableDynamicAgentLoading to hide this warning
WARNING: If a serviceability tool is not in use, please run with -Djdk.instrument.traceUsage for more information
WARNING: Dynamic loading of agents will be disallowed by default in a future release
]]></system-err>
  </testcase>
</testsuite>